0 info it worked if it ends with ok
1 verbose cli [ '/usr/bin/nodejs', '/usr/bin/npm', 'install', '-g', 'ionic' ]
2 info using npm@1.3.10
3 info using node@v0.10.25
4 verbose cache add [ 'ionic', null ]
5 verbose cache add name=undefined spec="ionic" args=["ionic",null]
6 verbose parsed url { protocol: null,
6 verbose parsed url   slashes: null,
6 verbose parsed url   auth: null,
6 verbose parsed url   host: null,
6 verbose parsed url   port: null,
6 verbose parsed url   hostname: null,
6 verbose parsed url   hash: null,
6 verbose parsed url   search: null,
6 verbose parsed url   query: null,
6 verbose parsed url   pathname: 'ionic',
6 verbose parsed url   path: 'ionic',
6 verbose parsed url   href: 'ionic' }
7 silly lockFile 00d10074-ionic ionic
8 verbose lock ionic /home/susan/.npm/00d10074-ionic.lock
9 silly lockFile 00d10074-ionic ionic
10 silly lockFile 00d10074-ionic ionic
11 verbose addNamed [ 'ionic', '' ]
12 verbose addNamed [ null, '*' ]
13 silly lockFile 966fc04a-ionic ionic@
14 verbose lock ionic@ /home/susan/.npm/966fc04a-ionic.lock
15 silly addNameRange { name: 'ionic', range: '*', hasData: false }
16 verbose url raw ionic
17 verbose url resolving [ 'https://registry.npmjs.org/', './ionic' ]
18 verbose url resolved https://registry.npmjs.org/ionic
19 info trying registry request attempt 1 at 11:18:46
20 http GET https://registry.npmjs.org/ionic
21 http 200 https://registry.npmjs.org/ionic
22 silly registry.get cb [ 200,
22 silly registry.get   { server: 'CouchDB/1.5.0 (Erlang OTP/R16B03)',
22 silly registry.get     etag: '"67N4ZHNF7NWJ26JQUHHB7HR46"',
22 silly registry.get     'content-type': 'application/json',
22 silly registry.get     'cache-control': 'max-age=300',
22 silly registry.get     'content-length': '667634',
22 silly registry.get     'accept-ranges': 'bytes',
22 silly registry.get     date: 'Fri, 05 Feb 2016 19:18:48 GMT',
22 silly registry.get     via: '1.1 varnish',
22 silly registry.get     age: '143',
22 silly registry.get     connection: 'keep-alive',
22 silly registry.get     'x-served-by': 'cache-sjc3124-SJC',
22 silly registry.get     'x-cache': 'HIT',
22 silly registry.get     'x-cache-hits': '38',
22 silly registry.get     'x-timer': 'S1454699928.275352,VS0,VE0',
22 silly registry.get     vary: 'Accept' } ]
23 silly addNameRange number 2 { name: 'ionic', range: '*', hasData: true }
24 silly addNameRange versions [ 'ionic',
24 silly addNameRange   [ '0.9.6',
24 silly addNameRange     '0.9.8',
24 silly addNameRange     '0.9.9',
24 silly addNameRange     '0.9.10',
24 silly addNameRange     '0.9.11',
24 silly addNameRange     '0.9.12',
24 silly addNameRange     '0.9.13',
24 silly addNameRange     '0.9.14',
24 silly addNameRange     '0.9.15',
24 silly addNameRange     '0.9.16',
24 silly addNameRange     '1.0.0-beta.1',
24 silly addNameRange     '1.0.0-beta',
24 silly addNameRange     '1.0.1-beta',
24 silly addNameRange     '1.0.3-beta',
24 silly addNameRange     '1.0.4',
24 silly addNameRange     '1.0.5',
24 silly addNameRange     '1.0.6',
24 silly addNameRange     '1.0.7',
24 silly addNameRange     '1.0.8',
24 silly addNameRange     '1.0.9',
24 silly addNameRange     '1.0.10',
24 silly addNameRange     '1.0.11',
24 silly addNameRange     '1.0.12',
24 silly addNameRange     '1.0.13',
24 silly addNameRange     '1.0.14',
24 silly addNameRange     '1.0.15',
24 silly addNameRange     '1.0.16',
24 silly addNameRange     '1.0.17',
24 silly addNameRange     '1.1.0-beta1',
24 silly addNameRange     '1.1.0-beta2',
24 silly addNameRange     '1.1.0-beta3',
24 silly addNameRange     '1.1.0-beta4',
24 silly addNameRange     '1.1.0-beta5',
24 silly addNameRange     '1.1.0-beta6',
24 silly addNameRange     '1.1.0',
24 silly addNameRange     '1.1.1-beta1',
24 silly addNameRange     '1.1.1-beta2',
24 silly addNameRange     '1.1.1-beta3',
24 silly addNameRange     '1.1.1',
24 silly addNameRange     '1.1.3',
24 silly addNameRange     '1.1.4',
24 silly addNameRange     '1.1.5-beta1',
24 silly addNameRange     '1.1.5-beta2',
24 silly addNameRange     '1.1.5-beta3',
24 silly addNameRange     '1.1.5-beta4',
24 silly addNameRange     '1.1.5-beta5',
24 silly addNameRange     '1.1.5',
24 silly addNameRange     '1.1.6',
24 silly addNameRange     '1.1.7-beta1',
24 silly addNameRange     '1.1.7',
24 silly addNameRange     '1.1.8-beta1',
24 silly addNameRange     '1.1.8-beta2',
24 silly addNameRange     '1.1.8-beta3',
24 silly addNameRange     '1.1.8-beta4',
24 silly addNameRange     '1.1.8-beta5',
24 silly addNameRange     '1.1.8',
24 silly addNameRange     '1.1.9-beta1',
24 silly addNameRange     '1.1.9',
24 silly addNameRange     '1.1.10',
24 silly addNameRange     '1.1.11-beta1',
24 silly addNameRange     '1.1.11-beta2',
24 silly addNameRange     '1.1.11',
24 silly addNameRange     '1.1.12-beta1',
24 silly addNameRange     '1.1.12-beta2',
24 silly addNameRange     '1.1.12-beta3',
24 silly addNameRange     '1.1.12',
24 silly addNameRange     '1.1.13',
24 silly addNameRange     '1.1.14-beta1',
24 silly addNameRange     '1.1.14-beta2',
24 silly addNameRange     '1.1.14-beta3',
24 silly addNameRange     '1.2.0-beta1',
24 silly addNameRange     '1.2.0',
24 silly addNameRange     '1.2.1-beta1',
24 silly addNameRange     '1.2.1-beta2',
24 silly addNameRange     '1.2.1-beta3',
24 silly addNameRange     '1.2.1-beta4',
24 silly addNameRange     '1.2.1',
24 silly addNameRange     '1.2.2',
24 silly addNameRange     '1.2.3-beta1',
24 silly addNameRange     '1.2.3-beta2',
24 silly addNameRange     '1.2.3-beta3',
24 silly addNameRange     '1.2.3',
24 silly addNameRange     '1.2.4-beta1',
24 silly addNameRange     '1.2.4-beta2',
24 silly addNameRange     '1.2.4-beta3',
24 silly addNameRange     '1.2.4',
24 silly addNameRange     '1.2.5-beta1',
24 silly addNameRange     '1.2.5-beta2',
24 silly addNameRange     '1.2.5-beta3',
24 silly addNameRange     '1.2.5',
24 silly addNameRange     '1.2.6-beta1',
24 silly addNameRange     '1.2.6-beta2',
24 silly addNameRange     '1.2.6-beta3',
24 silly addNameRange     '1.2.6',
24 silly addNameRange     '1.2.7',
24 silly addNameRange     '1.2.8-beta1',
24 silly addNameRange     '1.2.8-beta2',
24 silly addNameRange     '1.2.8',
24 silly addNameRange     '1.2.9',
24 silly addNameRange     '1.2.10',
24 silly addNameRange     '1.2.11',
24 silly addNameRange     '1.2.12',
24 silly addNameRange     '1.2.13',
24 silly addNameRange     '1.2.14-beta1',
24 silly addNameRange     '1.2.14-beta2',
24 silly addNameRange     '1.2.14-beta3',
24 silly addNameRange     '1.2.14-beta4',
24 silly addNameRange     '1.2.14-beta5',
24 silly addNameRange     '1.2.14-beta6',
24 silly addNameRange     '1.2.14',
24 silly addNameRange     '1.3.0-beta1',
24 silly addNameRange     '1.3.0',
24 silly addNameRange     '1.3.1',
24 silly addNameRange     '1.3.2',
24 silly addNameRange     '1.3.3',
24 silly addNameRange     '1.3.4',
24 silly addNameRange     '1.3.5',
24 silly addNameRange     '1.3.6',
24 silly addNameRange     '1.3.7',
24 silly addNameRange     '1.3.8',
24 silly addNameRange     '1.3.9',
24 silly addNameRange     '1.3.10',
24 silly addNameRange     '1.4.0-alpha.1',
24 silly addNameRange     '1.3.11',
24 silly addNameRange     '1.3.1-1.alpha.0',
24 silly addNameRange     '1.4.0-alpha.2',
24 silly addNameRange     '1.3.12',
24 silly addNameRange     '1.3.12-beta.1',
24 silly addNameRange     '1.3.12-beta.2',
24 silly addNameRange     '1.3.13-beta.0',
24 silly addNameRange     '1.3.1-3.beta.1',
24 silly addNameRange     '1.3.1-3.beta.2',
24 silly addNameRange     '1.3.13',
24 silly addNameRange     '1.3.1-3.beta.4',
24 silly addNameRange     '1.3.14-beta',
24 silly addNameRange     '1.3.14-beta.1',
24 silly addNameRange     '1.4.0-alpha.3',
24 silly addNameRange     '1.3.14',
24 silly addNameRange     '1.4.0-alpha.4',
24 silly addNameRange     '1.4.0-alpha.5',
24 silly addNameRange     '1.3.15-beta.0',
24 silly addNameRange     '1.3.15-beta.1',
24 silly addNameRange     '1.3.15-beta.2',
24 silly addNameRange     '1.3.15-beta.3',
24 silly addNameRange     '1.3.15-beta.4',
24 silly addNameRange     '1.3.15',
24 silly addNameRange     '1.3.16',
24 silly addNameRange     '1.4.0-alpha.6',
24 silly addNameRange     '1.3.17-beta.0',
24 silly addNameRange     '1.3.17-beta.1',
24 silly addNameRange     '1.3.17-beta.2',
24 silly addNameRange     '1.3.17-beta.3',
24 silly addNameRange     '1.3.1-7.beta.4',
24 silly addNameRange     '1.3.17',
24 silly addNameRange     '1.3.18-beta.0',
24 silly addNameRange     '1.3.18-beta.1',
24 silly addNameRange     '1.3.18-beta.2',
24 silly addNameRange     '1.3.18-beta.3',
24 silly addNameRange     '1.3.18',
24 silly addNameRange     '1.3.19-beta.0',
24 silly addNameRange     '1.3.19-beta.1',
24 silly addNameRange     '1.3.19-beta.2',
24 silly addNameRange     '1.3.19-beta.3',
24 silly addNameRange     '1.3.19-beta.4',
24 silly addNameRange     '1.3.19',
24 silly addNameRange     '1.3.20',
24 silly addNameRange     '1.4.1-beta.0',
24 silly addNameRange     '1.4.0-beta.1',
24 silly addNameRange     '1.4.0-beta.2',
24 silly addNameRange     '1.4.0-beta.3',
24 silly addNameRange     '1.4.0-beta.5',
24 silly addNameRange     '1.4.0-beta.6',
24 silly addNameRange     '1.4.0-beta.7',
24 silly addNameRange     '1.3.21-beta.0',
24 silly addNameRange     '1.3.21-beta.1',
24 silly addNameRange     '1.3.21',
24 silly addNameRange     '1.3.22',
24 silly addNameRange     '1.4.0-beta.8',
24 silly addNameRange     '1.4.0-beta.9',
24 silly addNameRange     '1.4.0-beta.10',
24 silly addNameRange     '1.4.0-beta.11',
24 silly addNameRange     '1.4.0-beta.12',
24 silly addNameRange     '1.4.0-beta.13',
24 silly addNameRange     '1.4.0-beta.14',
24 silly addNameRange     '1.4.0-beta.15',
24 silly addNameRange     '1.4.0-beta.16',
24 silly addNameRange     '1.4.0-beta.17',
24 silly addNameRange     '1.4.0-beta.18',
24 silly addNameRange     '1.4.0',
24 silly addNameRange     '1.4.1',
24 silly addNameRange     '1.4.2',
24 silly addNameRange     '1.4.3',
24 silly addNameRange     '1.4.4-beta.0',
24 silly addNameRange     '1.4.4-beta.2',
24 silly addNameRange     '1.4.4',
24 silly addNameRange     '1.4.5-beta.0',
24 silly addNameRange     '1.4.5-beta.1',
24 silly addNameRange     '1.4.5-beta.2',
24 silly addNameRange     '1.4.5-beta.3',
24 silly addNameRange     '1.4.5',
24 silly addNameRange     '1.4.6-beta.0',
24 silly addNameRange     '1.4.6',
24 silly addNameRange     '1.4.7',
24 silly addNameRange     '1.4.8',
24 silly addNameRange     '1.5.0-beta.0',
24 silly addNameRange     '1.5.0-beta.1',
24 silly addNameRange     '1.5.0',
24 silly addNameRange     '1.5.1-beta.0',
24 silly addNameRange     '1.5.1-beta.1',
24 silly addNameRange     '1.5.1-beta.2',
24 silly addNameRange     '1.5.1-beta.3',
24 silly addNameRange     '1.5.1-beta.4',
24 silly addNameRange     '1.5.1',
24 silly addNameRange     '1.5.2',
24 silly addNameRange     '1.5.3',
24 silly addNameRange     '1.5.4',
24 silly addNameRange     '1.5.5',
24 silly addNameRange     '1.6.0-beta.1',
24 silly addNameRange     '1.6.0',
24 silly addNameRange     '1.6.1',
24 silly addNameRange     '1.6.2-beta.0',
24 silly addNameRange     '1.6.2-beta.1',
24 silly addNameRange     '1.6.2-beta.2',
24 silly addNameRange     '1.6.2',
24 silly addNameRange     '1.6.3-beta.0',
24 silly addNameRange     '1.6.3-beta.1',
24 silly addNameRange     '1.6.3',
24 silly addNameRange     '1.6.4-beta.0',
24 silly addNameRange     '1.6.4-beta.1',
24 silly addNameRange     '1.6.4',
24 silly addNameRange     '1.7.0-beta.0',
24 silly addNameRange     '1.7.0-beta.1',
24 silly addNameRange     '1.7.0-beta.2',
24 silly addNameRange     '1.7.0-beta.3',
24 silly addNameRange     '2.0.0-alpha.1',
24 silly addNameRange     '2.0.0-alpha.3',
24 silly addNameRange     '1.7.0-beta.4',
24 silly addNameRange     '1.6.5-testing.0',
24 silly addNameRange     '1.6.5-testing.1',
24 silly addNameRange     '1.6.5-testing.2',
24 silly addNameRange     '1.6.5-testing.3',
24 silly addNameRange     '1.6.5',
24 silly addNameRange     '2.0.0-alpha.4',
24 silly addNameRange     '1.7.0-beta.5',
24 silly addNameRange     '1.7.0-beta.6',
24 silly addNameRange     '1.7.0',
24 silly addNameRange     '2.0.0-alpha.5',
24 silly addNameRange     '2.0.0-alpha.6',
24 silly addNameRange     '1.7.1',
24 silly addNameRange     '2.0.0-alpha.7',
24 silly addNameRange     '2.0.0-alpha.8',
24 silly addNameRange     '1.7.2',
24 silly addNameRange     '1.7.3',
24 silly addNameRange     '1.7.4',
24 silly addNameRange     '1.7.5',
24 silly addNameRange     '1.7.6',
24 silly addNameRange     '1.7.7-beta.0',
24 silly addNameRange     '2.0.0-alpha.9',
24 silly addNameRange     '1.7.7',
24 silly addNameRange     '2.0.0-alpha.10',
24 silly addNameRange     '2.0.0-alpha.11',
24 silly addNameRange     '2.0.0-alpha.12',
24 silly addNameRange     '2.0.0-alpha.13',
24 silly addNameRange     '2.0.0-alpha.14',
24 silly addNameRange     '2.0.0-alpha.15',
24 silly addNameRange     '2.0.0-alpha.16',
24 silly addNameRange     '2.0.0-alpha.17',
24 silly addNameRange     '2.0.0-alpha.18',
24 silly addNameRange     '1.7.8-beta.0',
24 silly addNameRange     '1.7.8-beta.1',
24 silly addNameRange     '1.7.8-beta.2',
24 silly addNameRange     '1.7.8-beta.3',
24 silly addNameRange     '1.7.8',
24 silly addNameRange     '2.0.0-alpha.19',
24 silly addNameRange     '2.0.0-alpha.20',
24 silly addNameRange     '2.0.0-alpha.21',
24 silly addNameRange     '2.0.0-alpha.22',
24 silly addNameRange     '2.0.0-alpha.23',
24 silly addNameRange     '1.7.9',
24 silly addNameRange     '1.7.10',
24 silly addNameRange     '2.0.0-alpha.24',
24 silly addNameRange     '2.0.0-alpha.25',
24 silly addNameRange     '2.0.0-beta.1',
24 silly addNameRange     '1.7.11',
24 silly addNameRange     '2.0.0-beta.2',
24 silly addNameRange     '2.0.0-beta.3',
24 silly addNameRange     '2.0.0-beta.4',
24 silly addNameRange     '2.0.0-beta.5',
24 silly addNameRange     '2.0.0-beta.6',
24 silly addNameRange     '2.0.0-beta.7',
24 silly addNameRange     '2.0.0-beta.8',
24 silly addNameRange     '2.0.0-beta.9',
24 silly addNameRange     '2.0.0-beta.10',
24 silly addNameRange     '2.0.0-beta.11',
24 silly addNameRange     '1.7.12',
24 silly addNameRange     '2.0.0-beta.12',
24 silly addNameRange     '2.0.0-beta.13',
24 silly addNameRange     '2.0.0-beta.14',
24 silly addNameRange     '2.0.0-beta.15',
24 silly addNameRange     '2.0.0-beta.16',
24 silly addNameRange     '2.0.0-beta.17',
24 silly addNameRange     '1.7.13',
24 silly addNameRange     '1.7.14' ] ]
25 verbose addNamed [ 'ionic', '1.7.14' ]
26 verbose addNamed [ '1.7.14', '1.7.14' ]
27 silly lockFile 17deafed-ionic-1-7-14 ionic@1.7.14
28 verbose lock ionic@1.7.14 /home/susan/.npm/17deafed-ionic-1-7-14.lock
29 silly lockFile bde43425-npmjs-org-ionic-ionic-1-7-14-tgz https://registry.npmjs.org/ionic/-/ionic-1.7.14.tgz
30 verbose lock https://registry.npmjs.org/ionic/-/ionic-1.7.14.tgz /home/susan/.npm/bde43425-npmjs-org-ionic-ionic-1-7-14-tgz.lock
31 verbose addRemoteTarball [ 'https://registry.npmjs.org/ionic/-/ionic-1.7.14.tgz',
31 verbose addRemoteTarball   'af493d5df4688d917d778b0934d1739b9be6efe6' ]
32 silly lockFile bde43425-npmjs-org-ionic-ionic-1-7-14-tgz https://registry.npmjs.org/ionic/-/ionic-1.7.14.tgz
33 silly lockFile bde43425-npmjs-org-ionic-ionic-1-7-14-tgz https://registry.npmjs.org/ionic/-/ionic-1.7.14.tgz
34 silly lockFile 17deafed-ionic-1-7-14 ionic@1.7.14
35 silly lockFile 17deafed-ionic-1-7-14 ionic@1.7.14
36 silly lockFile 966fc04a-ionic ionic@
37 silly lockFile 966fc04a-ionic ionic@
38 error Error: EACCES, mkdir '/home/susan/tmp/npm-3300-fKs-cRRR'
38 error  { [Error: EACCES, mkdir '/home/susan/tmp/npm-3300-fKs-cRRR']
38 error   errno: 3,
38 error   code: 'EACCES',
38 error   path: '/home/susan/tmp/npm-3300-fKs-cRRR' }
39 error Please try running this command again as root/Administrator.
40 error System Linux 3.19.0-25-generic
41 error command "/usr/bin/nodejs" "/usr/bin/npm" "install" "-g" "ionic"
42 error cwd /home/susan/roadtrip
43 error node -v v0.10.25
44 error npm -v 1.3.10
45 error path /home/susan/tmp/npm-3300-fKs-cRRR
46 error code EACCES
47 error errno 3
48 error stack Error: EACCES, mkdir '/home/susan/tmp/npm-3300-fKs-cRRR'
49 verbose exit [ 3, true ]
